<?xml version="1.0" encoding="UTF-8"?>
<testng-results ignored="0" total="2" passed="2" failed="0" skipped="0">
  <reporter-output>
  </reporter-output>
  <suite started-at="2025-04-14T23:53:20 IST" name="Default suite" finished-at="2025-04-14T23:53:22 IST" duration-ms="2536">
    <groups>
    </groups>
    <test started-at="2025-04-14T23:53:20 IST" name="Default test" finished-at="2025-04-14T23:53:22 IST" duration-ms="2536">
      <class name="comprehensive_8.RestCountriesAPITests">
        <test-method signature="testInvalidCapital()[pri:0, instance:comprehensive_8.RestCountriesAPITests@145f66e3]" started-at="2025-04-14T23:53:20 IST" name="testInvalidCapital" finished-at="2025-04-14T23:53:21 IST" duration-ms="1848" status="PASS">
          <reporter-output>
          </reporter-output>
        </test-method> <!-- testInvalidCapital -->
        <test-method signature="testValidCapital()[pri:0, instance:comprehensive_8.RestCountriesAPITests@145f66e3]" started-at="2025-04-14T23:53:21 IST" name="testValidCapital" finished-at="2025-04-14T23:53:22 IST" duration-ms="652" status="PASS">
          <reporter-output>
          </reporter-output>
        </test-method> <!-- testValidCapital -->
      </class> <!-- comprehensive_8.RestCountriesAPITests -->
    </test> <!-- Default test -->
  </suite> <!-- Default suite -->
</testng-results>
