<?xml version="1.0" encoding="UTF-8"?>
<!-- Generated by org.testng.reporters.JUnitXMLReporter -->
<testsuite ignored="0" hostname="Sri" failures="0" tests="3" name="Autify Test" time="27.242" errors="0" timestamp="2025-04-14T21:51:33 IST">
  <testcase classname="comprehensive_5.AutifyTestExecution" name="launchApp" time="5.24"/>
  <testcase classname="comprehensive_5.AutifyTestExecution" name="switchWindowValidation" time="6.703"/>
  <testcase classname="comprehensive_5.AutifyTestExecution" name="mandatoryFieldsErrorValidation" time="11.775"/>
</testsuite> <!-- Autify Test -->
