<?xml version="1.0" encoding="UTF-8"?>
<testng-results ignored="0" total="3" passed="3" failed="0" skipped="0">
  <reporter-output>
  </reporter-output>
  <suite started-at="2025-04-14T21:51:05 IST" name="Autify Test Suite" finished-at="2025-04-14T21:51:32 IST" duration-ms="27242">
    <groups>
      <group name="ChildWindowTitleValidation">
        <method signature="AutifyTestExecution.switchWindowValidation()[pri:2, instance:comprehensive_5.AutifyTestExecution@1198b989]" name="switchWindowValidation" class="comprehensive_5.AutifyTestExecution"/>
      </group> <!-- ChildWindowTitleValidation -->
      <group name="MandatoryFieldValidation">
        <method signature="AutifyTestExecution.mandatoryFieldsErrorValidation()[pri:3, instance:comprehensive_5.AutifyTestExecution@1198b989]" name="mandatoryFieldsErrorValidation" class="comprehensive_5.AutifyTestExecution"/>
      </group> <!-- MandatoryFieldValidation -->
      <group name="LaunchApp">
        <method signature="AutifyTestExecution.launchApp()[pri:1, instance:comprehensive_5.AutifyTestExecution@1198b989]" name="launchApp" class="comprehensive_5.AutifyTestExecution"/>
      </group> <!-- LaunchApp -->
    </groups>
    <test started-at="2025-04-14T21:51:05 IST" name="Autify Test" finished-at="2025-04-14T21:51:32 IST" duration-ms="27242">
      <class name="comprehensive_5.AutifyTestExecution">
        <test-method is-config="true" signature="browserConfig()[pri:0, instance:comprehensive_5.AutifyTestExecution@1198b989]" started-at="2025-04-14T21:51:05 IST" name="browserConfig" finished-at="2025-04-14T21:51:08 IST" duration-ms="3070" status="PASS">
          <reporter-output>
          </reporter-output>
        </test-method> <!-- browserConfig -->
        <test-method signature="launchApp()[pri:1, instance:comprehensive_5.AutifyTestExecution@1198b989]" started-at="2025-04-14T21:51:08 IST" name="launchApp" finished-at="2025-04-14T21:51:14 IST" duration-ms="5240" status="PASS">
          <reporter-output>
          </reporter-output>
        </test-method> <!-- launchApp -->
        <test-method signature="switchWindowValidation()[pri:2, instance:comprehensive_5.AutifyTestExecution@1198b989]" started-at="2025-04-14T21:51:14 IST" name="switchWindowValidation" depends-on-groups="LaunchApp" finished-at="2025-04-14T21:51:20 IST" duration-ms="6703" status="PASS">
          <reporter-output>
          </reporter-output>
        </test-method> <!-- switchWindowValidation -->
        <test-method signature="mandatoryFieldsErrorValidation()[pri:3, instance:comprehensive_5.AutifyTestExecution@1198b989]" started-at="2025-04-14T21:51:20 IST" name="mandatoryFieldsErrorValidation" depends-on-groups="LaunchApp" finished-at="2025-04-14T21:51:32 IST" duration-ms="11775" status="PASS">
          <reporter-output>
          </reporter-output>
        </test-method> <!-- mandatoryFieldsErrorValidation -->
        <test-method is-config="true" signature="tearDown()[pri:0, instance:comprehensive_5.AutifyTestExecution@1198b989]" started-at="2025-04-14T21:51:32 IST" name="tearDown" finished-at="2025-04-14T21:51:32 IST" duration-ms="395" status="PASS">
          <reporter-output>
          </reporter-output>
        </test-method> <!-- tearDown -->
      </class> <!-- comprehensive_5.AutifyTestExecution -->
    </test> <!-- Autify Test -->
  </suite> <!-- Autify Test Suite -->
</testng-results>
