<?xml version="1.0" encoding="UTF-8"?>
<!-- Generated by org.testng.reporters.JUnitXMLReporter -->
<testsuite ignored="0" hostname="Sri" failures="0" tests="3" name="Autify Test" time="26.183" errors="0" timestamp="2025-04-06T20:23:55 IST">
  <testcase classname="comprehensive_5.AutifyTestExecution" name="launchApp" time="4.263"/>
  <testcase classname="comprehensive_5.AutifyTestExecution" name="switchWindowValidation" time="6.539"/>
  <testcase classname="comprehensive_5.AutifyTestExecution" name="mandatoryFieldsErrorValidation" time="11.663"/>
</testsuite> <!-- Autify Test -->
